<?xml version="1.0" encoding="UTF-8"?>
<testsuite xmlns:xsi="http://www.w3.org/2001/XMLSchema-instance" xsi:noNamespaceSchemaLocation="https://maven.apache.org/surefire/maven-surefire-plugin/xsd/surefire-test-report-3.0.xsd" version="3.0" name="model_tests.MatrixTest" time="0.027" tests="7" errors="0" skipped="0" failures="0">
  <properties>
[...]
</properties>
  <testcase name="test_can_multiply_matrix" classname="model_tests.MatrixTest" time="0.012"/>
  <testcase name="test_translation_matrix" classname="model_tests.MatrixTest" time="0.002"/>
  <testcase name="test_multiply_matrix_matrix" classname="model_tests.MatrixTest" time="0.001"/>
  <testcase name="test_can_sum_matrix" classname="model_tests.MatrixTest" time="0.001"/>
  <testcase name="test_sum_matrix_matrix" classname="model_tests.MatrixTest" time="0.001"/>
  <testcase name="test_sub_matrix_matrix" classname="model_tests.MatrixTest" time="0"/>
  <testcase name="test_can_sub_matrix" classname="model_tests.MatrixTest" time="0"/>
</testsuite>